  App.cpp
  Game.cpp
C:\Users\luccb\source\repos\TowerDefense\ProjetJeu2D\Game.cpp(20,13): warning C4244: 'initialisation' : conversion de 'T' en 'float', perte possible de données
C:\Users\luccb\source\repos\TowerDefense\ProjetJeu2D\Game.cpp(20,13): warning C4244:         with
C:\Users\luccb\source\repos\TowerDefense\ProjetJeu2D\Game.cpp(20,13): warning C4244:         [
C:\Users\luccb\source\repos\TowerDefense\ProjetJeu2D\Game.cpp(20,13): warning C4244:             T=unsigned int
C:\Users\luccb\source\repos\TowerDefense\ProjetJeu2D\Game.cpp(20,13): warning C4244:         ]
C:\Users\luccb\source\repos\TowerDefense\ProjetJeu2D\Game.cpp(21,13): warning C4244: 'initialisation' : conversion de 'T' en 'float', perte possible de données
C:\Users\luccb\source\repos\TowerDefense\ProjetJeu2D\Game.cpp(21,13): warning C4244:         with
C:\Users\luccb\source\repos\TowerDefense\ProjetJeu2D\Game.cpp(21,13): warning C4244:         [
C:\Users\luccb\source\repos\TowerDefense\ProjetJeu2D\Game.cpp(21,13): warning C4244:             T=unsigned int
C:\Users\luccb\source\repos\TowerDefense\ProjetJeu2D\Game.cpp(21,13): warning C4244:         ]
C:\Users\luccb\source\repos\TowerDefense\ProjetJeu2D\Game.cpp(149,16): warning C4267: 'initialisation' : conversion de 'size_t' en 'int', perte possible de données
C:\Users\luccb\source\repos\TowerDefense\ProjetJeu2D\Game.cpp(347,13): warning C4244: 'initialisation' : conversion de 'T' en 'float', perte possible de données
C:\Users\luccb\source\repos\TowerDefense\ProjetJeu2D\Game.cpp(347,13): warning C4244:         with
C:\Users\luccb\source\repos\TowerDefense\ProjetJeu2D\Game.cpp(347,13): warning C4244:         [
C:\Users\luccb\source\repos\TowerDefense\ProjetJeu2D\Game.cpp(347,13): warning C4244:             T=unsigned int
C:\Users\luccb\source\repos\TowerDefense\ProjetJeu2D\Game.cpp(347,13): warning C4244:         ]
C:\Users\luccb\source\repos\TowerDefense\ProjetJeu2D\Game.cpp(348,13): warning C4244: 'initialisation' : conversion de 'T' en 'float', perte possible de données
C:\Users\luccb\source\repos\TowerDefense\ProjetJeu2D\Game.cpp(348,13): warning C4244:         with
C:\Users\luccb\source\repos\TowerDefense\ProjetJeu2D\Game.cpp(348,13): warning C4244:         [
C:\Users\luccb\source\repos\TowerDefense\ProjetJeu2D\Game.cpp(348,13): warning C4244:             T=unsigned int
C:\Users\luccb\source\repos\TowerDefense\ProjetJeu2D\Game.cpp(348,13): warning C4244:         ]
C:\Users\luccb\source\repos\TowerDefense\ProjetJeu2D\Game.cpp(354,12): warning C4244: 'argument' : conversion de 'time_t' en 'unsigned int', perte possible de données
  GameOver.cpp
C:\Users\luccb\source\repos\TowerDefense\ProjetJeu2D\GameOver.cpp(20,13): warning C4244: 'initialisation' : conversion de 'T' en 'float', perte possible de données
C:\Users\luccb\source\repos\TowerDefense\ProjetJeu2D\GameOver.cpp(20,13): warning C4244:         with
C:\Users\luccb\source\repos\TowerDefense\ProjetJeu2D\GameOver.cpp(20,13): warning C4244:         [
C:\Users\luccb\source\repos\TowerDefense\ProjetJeu2D\GameOver.cpp(20,13): warning C4244:             T=unsigned int
C:\Users\luccb\source\repos\TowerDefense\ProjetJeu2D\GameOver.cpp(20,13): warning C4244:         ]
C:\Users\luccb\source\repos\TowerDefense\ProjetJeu2D\GameOver.cpp(21,13): warning C4244: 'initialisation' : conversion de 'T' en 'float', perte possible de données
C:\Users\luccb\source\repos\TowerDefense\ProjetJeu2D\GameOver.cpp(21,13): warning C4244:         with
C:\Users\luccb\source\repos\TowerDefense\ProjetJeu2D\GameOver.cpp(21,13): warning C4244:         [
C:\Users\luccb\source\repos\TowerDefense\ProjetJeu2D\GameOver.cpp(21,13): warning C4244:             T=unsigned int
C:\Users\luccb\source\repos\TowerDefense\ProjetJeu2D\GameOver.cpp(21,13): warning C4244:         ]
C:\Users\luccb\source\repos\TowerDefense\ProjetJeu2D\GameOver.cpp(26,46): warning C4244: 'argument' : conversion de 'double' en 'float', perte possible de données
  Génération de code en cours...
  ProjetJeu2D.vcxproj -> C:\Users\luccb\source\repos\TowerDefense\x64\Debug\ProjetJeu2D.exe
